<?xml version="1.0" encoding="UTF-8"?>
<testsuite name="com.bcp.bootcamp.shopvintage.auctions.AuctionsApplicationTests" tests="1" skipped="0" failures="0" errors="0" timestamp="2021-04-19T21:27:40" hostname="Alfredos-MacBook-Pro.local" time="0.384">
  <properties/>
  <testcase name="contextLoads()" classname="com.bcp.bootcamp.shopvintage.auctions.AuctionsApplicationTests" time="0.384"/>
  <system-out><![CDATA[16:27:36.844 [Test worker] DEBUG org.springframework.test.context.BootstrapUtils - Instantiating CacheAwareContextLoaderDelegate from class [org.springframework.test.context.cache.DefaultCacheAwareContextLoaderDelegate]
16:27:36.859 [Test worker] DEBUG org.springframework.test.context.BootstrapUtils - Instantiating BootstrapContext using constructor [public org.springframework.test.context.support.DefaultBootstrapContext(java.lang.Class,org.springframework.test.context.CacheAwareContextLoaderDelegate)]
16:27:36.904 [Test worker] DEBUG org.springframework.test.context.BootstrapUtils - Instantiating TestContextBootstrapper for test class [com.bcp.bootcamp.shopvintage.auctions.AuctionsApplicationTests] from class [org.springframework.boot.test.context.SpringBootTestContextBootstrapper]
16:27:36.921 [Test worker] INFO org.springframework.boot.test.context.SpringBootTestContextBootstrapper - Neither @ContextConfiguration nor @ContextHierarchy found for test class [com.bcp.bootcamp.shopvintage.auctions.AuctionsApplicationTests], using SpringBootContextLoader
16:27:36.926 [Test worker] DEBUG org.springframework.test.context.support.AbstractContextLoader - Did not detect default resource location for test class [com.bcp.bootcamp.shopvintage.auctions.AuctionsApplicationTests]: class path resource [com/bcp/bootcamp/shopvintage/auctions/AuctionsApplicationTests-context.xml] does not exist
16:27:36.926 [Test worker] DEBUG org.springframework.test.context.support.AbstractContextLoader - Did not detect default resource location for test class [com.bcp.bootcamp.shopvintage.auctions.AuctionsApplicationTests]: class path resource [com/bcp/bootcamp/shopvintage/auctions/AuctionsApplicationTestsContext.groovy] does not exist
16:27:36.927 [Test worker] INFO org.springframework.test.context.support.AbstractContextLoader - Could not detect default resource locations for test class [com.bcp.bootcamp.shopvintage.auctions.AuctionsApplicationTests]: no resource found for suffixes {-context.xml, Context.groovy}.
16:27:36.927 [Test worker] INFO org.springframework.test.context.support.AnnotationConfigContextLoaderUtils - Could not detect default configuration classes for test class [com.bcp.bootcamp.shopvintage.auctions.AuctionsApplicationTests]: AuctionsApplicationTests does not declare any static, non-private, non-final, nested classes annotated with @Configuration.
16:27:36.984 [Test worker] DEBUG org.springframework.test.context.support.ActiveProfilesUtils - Could not find an 'annotation declaring class' for annotation type [org.springframework.test.context.ActiveProfiles] and class [com.bcp.bootcamp.shopvintage.auctions.AuctionsApplicationTests]
16:27:37.073 [Test worker] DEBUG org.springframework.context.annotation.ClassPathScanningCandidateComponentProvider - Identified candidate component class: file [/Users/alfredobenaute/bootcamp-abril/bcp-bootcamp-shopvintage-auctions/build/classes/java/main/com/bcp/bootcamp/shopvintage/auctions/AuctionsApplication.class]
16:27:37.074 [Test worker] INFO org.springframework.boot.test.context.SpringBootTestContextBootstrapper - Found @SpringBootConfiguration com.bcp.bootcamp.shopvintage.auctions.AuctionsApplication for test class com.bcp.bootcamp.shopvintage.auctions.AuctionsApplicationTests
16:27:37.192 [Test worker] DEBUG org.springframework.boot.test.context.SpringBootTestContextBootstrapper - @TestExecutionListeners is not present for class [com.bcp.bootcamp.shopvintage.auctions.AuctionsApplicationTests]: using defaults.
16:27:37.193 [Test worker] INFO org.springframework.boot.test.context.SpringBootTestContextBootstrapper - Loaded default TestExecutionListener class names from location [META-INF/spring.factories]: [org.springframework.boot.test.autoconfigure.restdocs.RestDocsTestExecutionListener, org.springframework.boot.test.autoconfigure.web.client.MockRestServiceServerResetTestExecutionListener, org.springframework.boot.test.autoconfigure.web.servlet.MockMvcPrintOnlyOnFailureTestExecutionListener, org.springframework.boot.test.autoconfigure.web.servlet.WebDriverTestExecutionListener, org.springframework.boot.test.autoconfigure.webservices.client.MockWebServiceServerTestExecutionListener, org.springframework.boot.test.mock.mockito.MockitoTestExecutionListener, org.springframework.boot.test.mock.mockito.ResetMocksTestExecutionListener, org.springframework.test.context.web.ServletTestExecutionListener, org.springframework.test.context.support.DirtiesContextBeforeModesTestExecutionListener, org.springframework.test.context.event.ApplicationEventsTestExecutionListener, org.springframework.test.context.support.DependencyInjectionTestExecutionListener, org.springframework.test.context.support.DirtiesContextTestExecutionListener, org.springframework.test.context.transaction.TransactionalTestExecutionListener, org.springframework.test.context.jdbc.SqlScriptsTestExecutionListener, org.springframework.test.context.event.EventPublishingTestExecutionListener]
16:27:37.203 [Test worker] DEBUG org.springframework.boot.test.context.SpringBootTestContextBootstrapper - Skipping candidate TestExecutionListener [org.springframework.test.context.web.ServletTestExecutionListener] due to a missing dependency. Specify custom listener classes or make the default listener classes and their required dependencies available. Offending class: [javax/servlet/ServletContext]
16:27:37.212 [Test worker] INFO org.springframework.boot.test.context.SpringBootTestContextBootstrapper - Using TestExecutionListeners: [org.springframework.test.context.support.DirtiesContextBeforeModesTestExecutionListener@ab9d64b, org.springframework.test.context.event.ApplicationEventsTestExecutionListener@2bd485ba, org.springframework.boot.test.mock.mockito.MockitoTestExecutionListener@3a580661, org.springframework.boot.test.autoconfigure.SpringBootDependencyInjectionTestExecutionListener@273fc181, org.springframework.test.context.support.DirtiesContextTestExecutionListener@63f040a3, org.springframework.test.context.transaction.TransactionalTestExecutionListener@6c86f032, org.springframework.test.context.jdbc.SqlScriptsTestExecutionListener@161798cd, org.springframework.test.context.event.EventPublishingTestExecutionListener@4ffd7047, org.springframework.boot.test.autoconfigure.restdocs.RestDocsTestExecutionListener@2e69d443, org.springframework.boot.test.autoconfigure.web.client.MockRestServiceServerResetTestExecutionListener@7535b6dc, org.springframework.boot.test.autoconfigure.web.servlet.MockMvcPrintOnlyOnFailureTestExecutionListener@5fce9947, org.springframework.boot.test.autoconfigure.web.servlet.WebDriverTestExecutionListener@7b15a5b1, org.springframework.boot.test.autoconfigure.webservices.client.MockWebServiceServerTestExecutionListener@1bbebd5c, org.springframework.boot.test.mock.mockito.ResetMocksTestExecutionListener@43e57ba1]
16:27:37.216 [Test worker] DEBUG org.springframework.test.context.support.AbstractDirtiesContextTestExecutionListener - Before test class: context [DefaultTestContext@5f4a52fd testClass = AuctionsApplicationTests, testInstance = [null], testMethod = [null], testException = [null], mergedContextConfiguration = [ReactiveWebMergedContextConfiguration@464f12ca testClass = AuctionsApplicationTests, locations = '{}', classes = '{class com.bcp.bootcamp.shopvintage.auctions.AuctionsApplication}', contextInitializerClasses = '[]', activeProfiles = '{}', propertySourceLocations = '{}', propertySourceProperties = '{org.springframework.boot.test.context.SpringBootTestContextBootstrapper=true}', contextCustomizers = set[org.springframework.boot.test.autoconfigure.actuate.metrics.MetricsExportContextCustomizerFactory$DisableMetricExportContextCustomizer@2e3d12aa, org.springframework.boot.test.autoconfigure.properties.PropertyMappingContextCustomizer@0, org.springframework.boot.test.autoconfigure.web.servlet.WebDriverContextCustomizerFactory$Customizer@319bfc2, org.springframework.boot.test.context.filter.ExcludeFilterContextCustomizer@25bcce06, org.springframework.boot.test.json.DuplicateJsonObjectContextCustomizerFactory$DuplicateJsonObjectContextCustomizer@430ef5b1, org.springframework.boot.test.mock.mockito.MockitoContextCustomizer@0, org.springframework.boot.test.web.client.TestRestTemplateContextCustomizer@414e1fdb, org.springframework.boot.test.web.reactive.server.WebTestClientContextCustomizer@5883d318, org.springframework.boot.test.context.SpringBootTestArgs@1, org.springframework.boot.test.context.SpringBootTestWebEnvironment@1b9156a0], contextLoader = 'org.springframework.boot.test.context.SpringBootContextLoader', parent = [null]], attributes = map[[empty]]], class annotated with @DirtiesContext [false] with mode [null].
16:27:37.229 [Test worker] DEBUG org.springframework.test.context.support.DependencyInjectionTestExecutionListener - Performing dependency injection for test context [[DefaultTestContext@5f4a52fd testClass = AuctionsApplicationTests, testInstance = com.bcp.bootcamp.shopvintage.auctions.AuctionsApplicationTests@1f950aeb, testMethod = [null], testException = [null], mergedContextConfiguration = [ReactiveWebMergedContextConfiguration@464f12ca testClass = AuctionsApplicationTests, locations = '{}', classes = '{class com.bcp.bootcamp.shopvintage.auctions.AuctionsApplication}', contextInitializerClasses = '[]', activeProfiles = '{}', propertySourceLocations = '{}', propertySourceProperties = '{org.springframework.boot.test.context.SpringBootTestContextBootstrapper=true}', contextCustomizers = set[org.springframework.boot.test.autoconfigure.actuate.metrics.MetricsExportContextCustomizerFactory$DisableMetricExportContextCustomizer@2e3d12aa, org.springframework.boot.test.autoconfigure.properties.PropertyMappingContextCustomizer@0, org.springframework.boot.test.autoconfigure.web.servlet.WebDriverContextCustomizerFactory$Customizer@319bfc2, org.springframework.boot.test.context.filter.ExcludeFilterContextCustomizer@25bcce06, org.springframework.boot.test.json.DuplicateJsonObjectContextCustomizerFactory$DuplicateJsonObjectContextCustomizer@430ef5b1, org.springframework.boot.test.mock.mockito.MockitoContextCustomizer@0, org.springframework.boot.test.web.client.TestRestTemplateContextCustomizer@414e1fdb, org.springframework.boot.test.web.reactive.server.WebTestClientContextCustomizer@5883d318, org.springframework.boot.test.context.SpringBootTestArgs@1, org.springframework.boot.test.context.SpringBootTestWebEnvironment@1b9156a0], contextLoader = 'org.springframework.boot.test.context.SpringBootContextLoader', parent = [null]], attributes = map['org.springframework.test.context.event.ApplicationEventsTestExecutionListener.recordApplicationEvents' -> false]]].
16:27:37.251 [Test worker] DEBUG org.springframework.test.context.support.TestPropertySourceUtils - Adding inlined properties to environment: {spring.jmx.enabled=false, org.springframework.boot.test.context.SpringBootTestContextBootstrapper=true}

  .   ____          _            __ _ _
 /\\ / ___'_ __ _ _(_)_ __  __ _ \ \ \ \
( ( )\___ | '_ | '_| | '_ \/ _` | \ \ \ \
 \\/  ___)| |_)| | | | | || (_| |  ) ) ) )
  '  |____| .__|_| |_|_| |_\__, | / / / /
 =========|_|==============|___/=/_/_/_/
 :: Spring Boot ::                (v2.4.4)

2021-04-19 16:27:37.759  INFO 1627 --- [    Test worker] c.b.b.s.a.AuctionsApplicationTests       : Starting AuctionsApplicationTests using Java 11.0.10 on Alfredos-MacBook-Pro.local with PID 1627 (started by alfredobenaute in /Users/alfredobenaute/bootcamp-abril/bcp-bootcamp-shopvintage-auctions)
2021-04-19 16:27:37.762  INFO 1627 --- [    Test worker] c.b.b.s.a.AuctionsApplicationTests       : No active profile set, falling back to default profiles: default
2021-04-19 16:27:38.343  INFO 1627 --- [    Test worker] .s.d.r.c.RepositoryConfigurationDelegate : Bootstrapping Spring Data Reactive MongoDB repositories in DEFAULT mode.
2021-04-19 16:27:38.568  INFO 1627 --- [    Test worker] .s.d.r.c.RepositoryConfigurationDelegate : Finished Spring Data repository scanning in 220 ms. Found 1 Reactive MongoDB repository interfaces.
2021-04-19 16:27:39.115  INFO 1627 --- [    Test worker] org.mongodb.driver.cluster               : Cluster created with settings {hosts=[70.37.86.87:27016], mode=SINGLE, requiredClusterType=UNKNOWN, serverSelectionTimeout='30000 ms'}
2021-04-19 16:27:39.568  INFO 1627 --- [.37.86.87:27016] org.mongodb.driver.connection            : Opened connection [connectionId{localValue:2, serverValue:251}] to 70.37.86.87:27016
2021-04-19 16:27:39.568  INFO 1627 --- [.37.86.87:27016] org.mongodb.driver.connection            : Opened connection [connectionId{localValue:1, serverValue:252}] to 70.37.86.87:27016
2021-04-19 16:27:39.570  INFO 1627 --- [.37.86.87:27016] org.mongodb.driver.cluster               : Monitor thread successfully connected to server with description ServerDescription{address=70.37.86.87:27016, type=STANDALONE, state=CONNECTED, ok=true, minWireVersion=0, maxWireVersion=9, maxDocumentSize=16777216, logicalSessionTimeoutMinutes=30, roundTripTimeNanos=208547858}
2021-04-19 16:27:40.101  INFO 1627 --- [    Test worker] c.b.b.s.a.AuctionsApplicationTests       : Started AuctionsApplicationTests in 2.837 seconds (JVM running for 4.376)
]]></system-out>
  <system-err><![CDATA[]]></system-err>
</testsuite>
