<?xml version="1.0" encoding="UTF-8"?>
<testsuite name="com.bcp.bootcamp.shopvintage.auctions.AuctionsApplicationTests" tests="1" skipped="0" failures="0" errors="0" timestamp="2021-04-20T22:20:38" hostname="Alfredos-MacBook-Pro.local" time="0.451">
  <properties/>
  <testcase name="contextLoads()" classname="com.bcp.bootcamp.shopvintage.auctions.AuctionsApplicationTests" time="0.451"/>
  <system-out><![CDATA[17:20:33.128 [Test worker] DEBUG org.springframework.test.context.BootstrapUtils - Instantiating CacheAwareContextLoaderDelegate from class [org.springframework.test.context.cache.DefaultCacheAwareContextLoaderDelegate]
17:20:33.152 [Test worker] DEBUG org.springframework.test.context.BootstrapUtils - Instantiating BootstrapContext using constructor [public org.springframework.test.context.support.DefaultBootstrapContext(java.lang.Class,org.springframework.test.context.CacheAwareContextLoaderDelegate)]
17:20:33.188 [Test worker] DEBUG org.springframework.test.context.BootstrapUtils - Instantiating TestContextBootstrapper for test class [com.bcp.bootcamp.shopvintage.auctions.AuctionsApplicationTests] from class [org.springframework.boot.test.context.SpringBootTestContextBootstrapper]
17:20:33.203 [Test worker] INFO org.springframework.boot.test.context.SpringBootTestContextBootstrapper - Neither @ContextConfiguration nor @ContextHierarchy found for test class [com.bcp.bootcamp.shopvintage.auctions.AuctionsApplicationTests], using SpringBootContextLoader
17:20:33.208 [Test worker] DEBUG org.springframework.test.context.support.AbstractContextLoader - Did not detect default resource location for test class [com.bcp.bootcamp.shopvintage.auctions.AuctionsApplicationTests]: class path resource [com/bcp/bootcamp/shopvintage/auctions/AuctionsApplicationTests-context.xml] does not exist
17:20:33.209 [Test worker] DEBUG org.springframework.test.context.support.AbstractContextLoader - Did not detect default resource location for test class [com.bcp.bootcamp.shopvintage.auctions.AuctionsApplicationTests]: class path resource [com/bcp/bootcamp/shopvintage/auctions/AuctionsApplicationTestsContext.groovy] does not exist
17:20:33.209 [Test worker] INFO org.springframework.test.context.support.AbstractContextLoader - Could not detect default resource locations for test class [com.bcp.bootcamp.shopvintage.auctions.AuctionsApplicationTests]: no resource found for suffixes {-context.xml, Context.groovy}.
17:20:33.210 [Test worker] INFO org.springframework.test.context.support.AnnotationConfigContextLoaderUtils - Could not detect default configuration classes for test class [com.bcp.bootcamp.shopvintage.auctions.AuctionsApplicationTests]: AuctionsApplicationTests does not declare any static, non-private, non-final, nested classes annotated with @Configuration.
17:20:33.262 [Test worker] DEBUG org.springframework.test.context.support.ActiveProfilesUtils - Could not find an 'annotation declaring class' for annotation type [org.springframework.test.context.ActiveProfiles] and class [com.bcp.bootcamp.shopvintage.auctions.AuctionsApplicationTests]
17:20:33.329 [Test worker] DEBUG org.springframework.context.annotation.ClassPathScanningCandidateComponentProvider - Identified candidate component class: file [/Users/alfredobenaute/bootcamp-abril/bcp-bootcamp-shopvintage-auctions/build/classes/java/main/com/bcp/bootcamp/shopvintage/auctions/AuctionsApplication.class]
17:20:33.331 [Test worker] INFO org.springframework.boot.test.context.SpringBootTestContextBootstrapper - Found @SpringBootConfiguration com.bcp.bootcamp.shopvintage.auctions.AuctionsApplication for test class com.bcp.bootcamp.shopvintage.auctions.AuctionsApplicationTests
17:20:33.466 [Test worker] DEBUG org.springframework.boot.test.context.SpringBootTestContextBootstrapper - @TestExecutionListeners is not present for class [com.bcp.bootcamp.shopvintage.auctions.AuctionsApplicationTests]: using defaults.
17:20:33.467 [Test worker] INFO org.springframework.boot.test.context.SpringBootTestContextBootstrapper - Loaded default TestExecutionListener class names from location [META-INF/spring.factories]: [org.springframework.boot.test.autoconfigure.restdocs.RestDocsTestExecutionListener, org.springframework.boot.test.autoconfigure.web.client.MockRestServiceServerResetTestExecutionListener, org.springframework.boot.test.autoconfigure.web.servlet.MockMvcPrintOnlyOnFailureTestExecutionListener, org.springframework.boot.test.autoconfigure.web.servlet.WebDriverTestExecutionListener, org.springframework.boot.test.autoconfigure.webservices.client.MockWebServiceServerTestExecutionListener, org.springframework.boot.test.mock.mockito.MockitoTestExecutionListener, org.springframework.boot.test.mock.mockito.ResetMocksTestExecutionListener, org.springframework.test.context.web.ServletTestExecutionListener, org.springframework.test.context.support.DirtiesContextBeforeModesTestExecutionListener, org.springframework.test.context.event.ApplicationEventsTestExecutionListener, org.springframework.test.context.support.DependencyInjectionTestExecutionListener, org.springframework.test.context.support.DirtiesContextTestExecutionListener, org.springframework.test.context.transaction.TransactionalTestExecutionListener, org.springframework.test.context.jdbc.SqlScriptsTestExecutionListener, org.springframework.test.context.event.EventPublishingTestExecutionListener]
17:20:33.478 [Test worker] DEBUG org.springframework.boot.test.context.SpringBootTestContextBootstrapper - Skipping candidate TestExecutionListener [org.springframework.test.context.web.ServletTestExecutionListener] due to a missing dependency. Specify custom listener classes or make the default listener classes and their required dependencies available. Offending class: [javax/servlet/ServletContext]
17:20:33.486 [Test worker] INFO org.springframework.boot.test.context.SpringBootTestContextBootstrapper - Using TestExecutionListeners: [org.springframework.test.context.support.DirtiesContextBeforeModesTestExecutionListener@254c2137, org.springframework.test.context.event.ApplicationEventsTestExecutionListener@5607a56d, org.springframework.boot.test.mock.mockito.MockitoTestExecutionListener@e4dc29f, org.springframework.boot.test.autoconfigure.SpringBootDependencyInjectionTestExecutionListener@2166408b, org.springframework.test.context.support.DirtiesContextTestExecutionListener@65678809, org.springframework.test.context.transaction.TransactionalTestExecutionListener@e207505, org.springframework.test.context.jdbc.SqlScriptsTestExecutionListener@6e190764, org.springframework.test.context.event.EventPublishingTestExecutionListener@7de86034, org.springframework.boot.test.autoconfigure.restdocs.RestDocsTestExecutionListener@24168840, org.springframework.boot.test.autoconfigure.web.client.MockRestServiceServerResetTestExecutionListener@2913499a, org.springframework.boot.test.autoconfigure.web.servlet.MockMvcPrintOnlyOnFailureTestExecutionListener@f1749fb, org.springframework.boot.test.autoconfigure.web.servlet.WebDriverTestExecutionListener@31c061ed, org.springframework.boot.test.autoconfigure.webservices.client.MockWebServiceServerTestExecutionListener@2184bb1d, org.springframework.boot.test.mock.mockito.ResetMocksTestExecutionListener@1268792e]
17:20:33.490 [Test worker] DEBUG org.springframework.test.context.support.AbstractDirtiesContextTestExecutionListener - Before test class: context [DefaultTestContext@77e90df0 testClass = AuctionsApplicationTests, testInstance = [null], testMethod = [null], testException = [null], mergedContextConfiguration = [ReactiveWebMergedContextConfiguration@18348930 testClass = AuctionsApplicationTests, locations = '{}', classes = '{class com.bcp.bootcamp.shopvintage.auctions.AuctionsApplication}', contextInitializerClasses = '[]', activeProfiles = '{}', propertySourceLocations = '{}', propertySourceProperties = '{org.springframework.boot.test.context.SpringBootTestContextBootstrapper=true}', contextCustomizers = set[org.springframework.boot.test.autoconfigure.actuate.metrics.MetricsExportContextCustomizerFactory$DisableMetricExportContextCustomizer@5b41bc3d, org.springframework.boot.test.autoconfigure.properties.PropertyMappingContextCustomizer@0, org.springframework.boot.test.autoconfigure.web.servlet.WebDriverContextCustomizerFactory$Customizer@6a00ba16, org.springframework.boot.test.context.filter.ExcludeFilterContextCustomizer@6ab17c0f, org.springframework.boot.test.json.DuplicateJsonObjectContextCustomizerFactory$DuplicateJsonObjectContextCustomizer@42a045e4, org.springframework.boot.test.mock.mockito.MockitoContextCustomizer@0, org.springframework.boot.test.web.client.TestRestTemplateContextCustomizer@21a7a3a6, org.springframework.boot.test.web.reactive.server.WebTestClientContextCustomizer@6b7d3288, org.springframework.boot.test.context.SpringBootTestArgs@1, org.springframework.boot.test.context.SpringBootTestWebEnvironment@598b26c5], contextLoader = 'org.springframework.boot.test.context.SpringBootContextLoader', parent = [null]], attributes = map[[empty]]], class annotated with @DirtiesContext [false] with mode [null].
17:20:33.504 [Test worker] DEBUG org.springframework.test.context.support.DependencyInjectionTestExecutionListener - Performing dependency injection for test context [[DefaultTestContext@77e90df0 testClass = AuctionsApplicationTests, testInstance = com.bcp.bootcamp.shopvintage.auctions.AuctionsApplicationTests@7cdedcc4, testMethod = [null], testException = [null], mergedContextConfiguration = [ReactiveWebMergedContextConfiguration@18348930 testClass = AuctionsApplicationTests, locations = '{}', classes = '{class com.bcp.bootcamp.shopvintage.auctions.AuctionsApplication}', contextInitializerClasses = '[]', activeProfiles = '{}', propertySourceLocations = '{}', propertySourceProperties = '{org.springframework.boot.test.context.SpringBootTestContextBootstrapper=true}', contextCustomizers = set[org.springframework.boot.test.autoconfigure.actuate.metrics.MetricsExportContextCustomizerFactory$DisableMetricExportContextCustomizer@5b41bc3d, org.springframework.boot.test.autoconfigure.properties.PropertyMappingContextCustomizer@0, org.springframework.boot.test.autoconfigure.web.servlet.WebDriverContextCustomizerFactory$Customizer@6a00ba16, org.springframework.boot.test.context.filter.ExcludeFilterContextCustomizer@6ab17c0f, org.springframework.boot.test.json.DuplicateJsonObjectContextCustomizerFactory$DuplicateJsonObjectContextCustomizer@42a045e4, org.springframework.boot.test.mock.mockito.MockitoContextCustomizer@0, org.springframework.boot.test.web.client.TestRestTemplateContextCustomizer@21a7a3a6, org.springframework.boot.test.web.reactive.server.WebTestClientContextCustomizer@6b7d3288, org.springframework.boot.test.context.SpringBootTestArgs@1, org.springframework.boot.test.context.SpringBootTestWebEnvironment@598b26c5], contextLoader = 'org.springframework.boot.test.context.SpringBootContextLoader', parent = [null]], attributes = map['org.springframework.test.context.event.ApplicationEventsTestExecutionListener.recordApplicationEvents' -> false]]].
17:20:33.538 [Test worker] DEBUG org.springframework.test.context.support.TestPropertySourceUtils - Adding inlined properties to environment: {spring.jmx.enabled=false, org.springframework.boot.test.context.SpringBootTestContextBootstrapper=true}

  .   ____          _            __ _ _
 /\\ / ___'_ __ _ _(_)_ __  __ _ \ \ \ \
( ( )\___ | '_ | '_| | '_ \/ _` | \ \ \ \
 \\/  ___)| |_)| | | | | || (_| |  ) ) ) )
  '  |____| .__|_| |_|_| |_\__, | / / / /
 =========|_|==============|___/=/_/_/_/
 :: Spring Boot ::                (v2.4.4)

2021-04-20 17:20:34.010  INFO 4806 --- [    Test worker] c.b.b.s.a.AuctionsApplicationTests       : Starting AuctionsApplicationTests using Java 11.0.10 on Alfredos-MacBook-Pro.local with PID 4806 (started by alfredobenaute in /Users/alfredobenaute/bootcamp-abril/bcp-bootcamp-shopvintage-auctions)
2021-04-20 17:20:34.013  INFO 4806 --- [    Test worker] c.b.b.s.a.AuctionsApplicationTests       : No active profile set, falling back to default profiles: default
2021-04-20 17:20:34.862  INFO 4806 --- [    Test worker] .s.d.r.c.RepositoryConfigurationDelegate : Bootstrapping Spring Data Reactive MongoDB repositories in DEFAULT mode.
2021-04-20 17:20:35.075  INFO 4806 --- [    Test worker] .s.d.r.c.RepositoryConfigurationDelegate : Finished Spring Data repository scanning in 208 ms. Found 1 Reactive MongoDB repository interfaces.
2021-04-20 17:20:35.339  INFO 4806 --- [    Test worker] o.s.cloud.context.scope.GenericScope     : BeanFactory id=6f4564f6-4835-366e-9023-c8bc626e5f49
2021-04-20 17:20:35.471  INFO 4806 --- [    Test worker] trationDelegate$BeanPostProcessorChecker : Bean 'org.springframework.cloud.client.loadbalancer.reactive.LoadBalancerBeanPostProcessorAutoConfiguration' of type [org.springframework.cloud.client.loadbalancer.reactive.LoadBalancerBeanPostProcessorAutoConfiguration] is not eligible for getting processed by all BeanPostProcessors (for example: not eligible for auto-proxying)
2021-04-20 17:20:35.473  INFO 4806 --- [    Test worker] trationDelegate$BeanPostProcessorChecker : Bean 'org.springframework.cloud.client.loadbalancer.reactive.LoadBalancerBeanPostProcessorAutoConfiguration$ReactorDeferringLoadBalancerFilterConfig' of type [org.springframework.cloud.client.loadbalancer.reactive.LoadBalancerBeanPostProcessorAutoConfiguration$ReactorDeferringLoadBalancerFilterConfig] is not eligible for getting processed by all BeanPostProcessors (for example: not eligible for auto-proxying)
2021-04-20 17:20:35.477  INFO 4806 --- [    Test worker] trationDelegate$BeanPostProcessorChecker : Bean 'reactorDeferringLoadBalancerExchangeFilterFunction' of type [org.springframework.cloud.client.loadbalancer.reactive.DeferringLoadBalancerExchangeFilterFunction] is not eligible for getting processed by all BeanPostProcessors (for example: not eligible for auto-proxying)
2021-04-20 17:20:35.737  INFO 4806 --- [    Test worker] org.mongodb.driver.cluster               : Cluster created with settings {hosts=[70.37.86.87:27016], mode=SINGLE, requiredClusterType=UNKNOWN, serverSelectionTimeout='30000 ms'}
2021-04-20 17:20:35.911  WARN 4806 --- [    Test worker] o.s.data.convert.CustomConversions       : Registering converter from class java.time.LocalDateTime to class org.joda.time.LocalDateTime as reading converter although it doesn't convert from a store-supported type! You might want to check your annotation setup at the converter implementation.
2021-04-20 17:20:35.933  WARN 4806 --- [    Test worker] o.s.data.convert.CustomConversions       : Registering converter from class java.time.LocalDateTime to class org.joda.time.LocalDateTime as reading converter although it doesn't convert from a store-supported type! You might want to check your annotation setup at the converter implementation.
2021-04-20 17:20:36.260  INFO 4806 --- [.37.86.87:27016] org.mongodb.driver.connection            : Opened connection [connectionId{localValue:2, serverValue:489}] to 70.37.86.87:27016
2021-04-20 17:20:36.260  INFO 4806 --- [.37.86.87:27016] org.mongodb.driver.connection            : Opened connection [connectionId{localValue:1, serverValue:488}] to 70.37.86.87:27016
2021-04-20 17:20:36.261  INFO 4806 --- [.37.86.87:27016] org.mongodb.driver.cluster               : Monitor thread successfully connected to server with description ServerDescription{address=70.37.86.87:27016, type=STANDALONE, state=CONNECTED, ok=true, minWireVersion=0, maxWireVersion=9, maxDocumentSize=16777216, logicalSessionTimeoutMinutes=30, roundTripTimeNanos=240191029}
biddersUrl = http://192.168.1.6:9999
2021-04-20 17:20:37.210  WARN 4806 --- [    Test worker] o.s.data.convert.CustomConversions       : Registering converter from class java.time.LocalDateTime to class org.joda.time.LocalDateTime as reading converter although it doesn't convert from a store-supported type! You might want to check your annotation setup at the converter implementation.
2021-04-20 17:20:37.237  WARN 4806 --- [    Test worker] o.s.data.convert.CustomConversions       : Registering converter from class java.time.LocalDateTime to class org.joda.time.LocalDateTime as reading converter although it doesn't convert from a store-supported type! You might want to check your annotation setup at the converter implementation.
2021-04-20 17:20:37.431  INFO 4806 --- [    Test worker] DiscoveryClientOptionalArgsConfiguration : Eureka HTTP Client uses RestTemplate.
2021-04-20 17:20:37.626  WARN 4806 --- [    Test worker] iguration$LoadBalancerCaffeineWarnLogger : Spring Cloud LoadBalancer is currently working with the default cache. You can switch to using Caffeine cache, by adding it and org.springframework.cache.caffeine.CaffeineCacheManager to the classpath.
2021-04-20 17:20:37.654  INFO 4806 --- [    Test worker] o.s.c.n.eureka.InstanceInfoFactory       : Setting initial instance status as: STARTING
2021-04-20 17:20:37.776  INFO 4806 --- [    Test worker] com.netflix.discovery.DiscoveryClient    : Initializing Eureka in region us-east-1
2021-04-20 17:20:37.783  INFO 4806 --- [    Test worker] c.n.d.s.r.aws.ConfigClusterResolver      : Resolving eureka endpoints via configuration
2021-04-20 17:20:37.818  INFO 4806 --- [    Test worker] com.netflix.discovery.DiscoveryClient    : Disable delta property : false
2021-04-20 17:20:37.818  INFO 4806 --- [    Test worker] com.netflix.discovery.DiscoveryClient    : Single vip registry refresh property : null
2021-04-20 17:20:37.818  INFO 4806 --- [    Test worker] com.netflix.discovery.DiscoveryClient    : Force full registry fetch : false
2021-04-20 17:20:37.818  INFO 4806 --- [    Test worker] com.netflix.discovery.DiscoveryClient    : Application is null : false
2021-04-20 17:20:37.818  INFO 4806 --- [    Test worker] com.netflix.discovery.DiscoveryClient    : Registered Applications size is zero : true
2021-04-20 17:20:37.818  INFO 4806 --- [    Test worker] com.netflix.discovery.DiscoveryClient    : Application version is -1: true
2021-04-20 17:20:37.818  INFO 4806 --- [    Test worker] com.netflix.discovery.DiscoveryClient    : Getting all instance registry info from the eureka server
2021-04-20 17:20:38.350  INFO 4806 --- [    Test worker] com.netflix.discovery.DiscoveryClient    : The response status is 200
2021-04-20 17:20:38.354  INFO 4806 --- [    Test worker] com.netflix.discovery.DiscoveryClient    : Starting heartbeat executor: renew interval is: 30
2021-04-20 17:20:38.358  INFO 4806 --- [    Test worker] c.n.discovery.InstanceInfoReplicator     : InstanceInfoReplicator onDemand update allowed rate per min is 4
2021-04-20 17:20:38.365  INFO 4806 --- [    Test worker] com.netflix.discovery.DiscoveryClient    : Discovery Client initialized at timestamp 1618957238364 with initial instances count: 2
2021-04-20 17:20:38.377  INFO 4806 --- [    Test worker] o.s.c.n.e.s.EurekaServiceRegistry        : Registering application BCP-SHOPVINTAGE-AUCTIONS with eureka with status UP
2021-04-20 17:20:38.378  INFO 4806 --- [    Test worker] com.netflix.discovery.DiscoveryClient    : Saw local status change event StatusChangeEvent [timestamp=1618957238378, current=UP, previous=STARTING]
2021-04-20 17:20:38.381  INFO 4806 --- [nfoReplicator-0] com.netflix.discovery.DiscoveryClient    : DiscoveryClient_BCP-SHOPVINTAGE-AUCTIONS/192.168.1.6:bcp-shopvintage-auctions:8082: registering service...
2021-04-20 17:20:38.400  INFO 4806 --- [    Test worker] c.b.b.s.a.AuctionsApplicationTests       : Started AuctionsApplicationTests in 4.849 seconds (JVM running for 6.304)
2021-04-20 17:20:38.434  INFO 4806 --- [nfoReplicator-0] com.netflix.discovery.DiscoveryClient    : DiscoveryClient_BCP-SHOPVINTAGE-AUCTIONS/192.168.1.6:bcp-shopvintage-auctions:8082 - registration status: 204
]]></system-out>
  <system-err><![CDATA[]]></system-err>
</testsuite>
